  소스.cpp
C:\Users\kio10\Desktop\work\Compiler\Compiler\소스.cpp(50,13): warning C4326: 'main'의 반환 형식이 'int'이어야 하는데 'void'입니다.
C:\Users\kio10\Desktop\work\Compiler\Compiler\소스.cpp(179,5): error C2665: 'inFinal': 2개의 오버로드 중 모든 인수 형식을 변환할 수 있는 오버로드가 없습니다.
C:\Users\kio10\Desktop\work\Compiler\Compiler\소스.cpp(44,6): message : 'bool inFinal(int,DfaState)'일 수 있습니다.
C:\Users\kio10\Desktop\work\Compiler\Compiler\소스.cpp(43,6): message : 또는       'bool inFinal(int [],DfaState)'
C:\Users\kio10\Desktop\work\Compiler\Compiler\소스.cpp(179,5): message : 인수 목록 '(const int [5], DfaState)'을(를) 일치시키는 동안
C:\Users\kio10\Desktop\work\Compiler\Compiler\소스.cpp(208,5): error C2665: 'inFinal': 2개의 오버로드 중 모든 인수 형식을 변환할 수 있는 오버로드가 없습니다.
C:\Users\kio10\Desktop\work\Compiler\Compiler\소스.cpp(44,6): message : 'bool inFinal(int,DfaState)'일 수 있습니다.
C:\Users\kio10\Desktop\work\Compiler\Compiler\소스.cpp(43,6): message : 또는       'bool inFinal(int [],DfaState)'
C:\Users\kio10\Desktop\work\Compiler\Compiler\소스.cpp(208,5): message : 인수 목록 '(const int [4], DfaState)'을(를) 일치시키는 동안
C:\Users\kio10\Desktop\work\Compiler\Compiler\소스.cpp(237,5): error C2665: 'inFinal': 2개의 오버로드 중 모든 인수 형식을 변환할 수 있는 오버로드가 없습니다.
C:\Users\kio10\Desktop\work\Compiler\Compiler\소스.cpp(44,6): message : 'bool inFinal(int,DfaState)'일 수 있습니다.
C:\Users\kio10\Desktop\work\Compiler\Compiler\소스.cpp(43,6): message : 또는       'bool inFinal(int [],DfaState)'
C:\Users\kio10\Desktop\work\Compiler\Compiler\소스.cpp(237,5): message : 인수 목록 '(const int [2], DfaState)'을(를) 일치시키는 동안
C:\Users\kio10\Desktop\work\Compiler\Compiler\소스.cpp(266,5): error C2665: 'inFinal': 2개의 오버로드 중 모든 인수 형식을 변환할 수 있는 오버로드가 없습니다.
C:\Users\kio10\Desktop\work\Compiler\Compiler\소스.cpp(44,6): message : 'bool inFinal(int,DfaState)'일 수 있습니다.
C:\Users\kio10\Desktop\work\Compiler\Compiler\소스.cpp(43,6): message : 또는       'bool inFinal(int [],DfaState)'
C:\Users\kio10\Desktop\work\Compiler\Compiler\소스.cpp(266,5): message : 인수 목록 '(const int [5], DfaState)'을(를) 일치시키는 동안
C:\Users\kio10\Desktop\work\Compiler\Compiler\소스.cpp(295,5): error C2665: 'inFinal': 2개의 오버로드 중 모든 인수 형식을 변환할 수 있는 오버로드가 없습니다.
C:\Users\kio10\Desktop\work\Compiler\Compiler\소스.cpp(44,6): message : 'bool inFinal(int,DfaState)'일 수 있습니다.
C:\Users\kio10\Desktop\work\Compiler\Compiler\소스.cpp(43,6): message : 또는       'bool inFinal(int [],DfaState)'
C:\Users\kio10\Desktop\work\Compiler\Compiler\소스.cpp(295,5): message : 인수 목록 '(const int [4], DfaState)'을(를) 일치시키는 동안
C:\Users\kio10\Desktop\work\Compiler\Compiler\소스.cpp(324,5): error C2665: 'inFinal': 2개의 오버로드 중 모든 인수 형식을 변환할 수 있는 오버로드가 없습니다.
C:\Users\kio10\Desktop\work\Compiler\Compiler\소스.cpp(44,6): message : 'bool inFinal(int,DfaState)'일 수 있습니다.
C:\Users\kio10\Desktop\work\Compiler\Compiler\소스.cpp(43,6): message : 또는       'bool inFinal(int [],DfaState)'
C:\Users\kio10\Desktop\work\Compiler\Compiler\소스.cpp(324,5): message : 인수 목록 '(const int [6], DfaState)'을(를) 일치시키는 동안
C:\Users\kio10\Desktop\work\Compiler\Compiler\소스.cpp(382,5): error C2665: 'inFinal': 2개의 오버로드 중 모든 인수 형식을 변환할 수 있는 오버로드가 없습니다.
C:\Users\kio10\Desktop\work\Compiler\Compiler\소스.cpp(44,6): message : 'bool inFinal(int,DfaState)'일 수 있습니다.
C:\Users\kio10\Desktop\work\Compiler\Compiler\소스.cpp(43,6): message : 또는       'bool inFinal(int [],DfaState)'
C:\Users\kio10\Desktop\work\Compiler\Compiler\소스.cpp(382,5): message : 인수 목록 '(const int [2], DfaState)'을(를) 일치시키는 동안
C:\Users\kio10\Desktop\work\Compiler\Compiler\소스.cpp(440,5): error C2665: 'inFinal': 2개의 오버로드 중 모든 인수 형식을 변환할 수 있는 오버로드가 없습니다.
C:\Users\kio10\Desktop\work\Compiler\Compiler\소스.cpp(44,6): message : 'bool inFinal(int,DfaState)'일 수 있습니다.
C:\Users\kio10\Desktop\work\Compiler\Compiler\소스.cpp(43,6): message : 또는       'bool inFinal(int [],DfaState)'
C:\Users\kio10\Desktop\work\Compiler\Compiler\소스.cpp(440,5): message : 인수 목록 '(const int [4], DfaState)'을(를) 일치시키는 동안
C:\Users\kio10\Desktop\work\Compiler\Compiler\소스.cpp(469,5): error C2665: 'inFinal': 2개의 오버로드 중 모든 인수 형식을 변환할 수 있는 오버로드가 없습니다.
C:\Users\kio10\Desktop\work\Compiler\Compiler\소스.cpp(44,6): message : 'bool inFinal(int,DfaState)'일 수 있습니다.
C:\Users\kio10\Desktop\work\Compiler\Compiler\소스.cpp(43,6): message : 또는       'bool inFinal(int [],DfaState)'
C:\Users\kio10\Desktop\work\Compiler\Compiler\소스.cpp(469,5): message : 인수 목록 '(const int [4], DfaState)'을(를) 일치시키는 동안
C:\Users\kio10\Desktop\work\Compiler\Compiler\소스.cpp(527,5): error C2665: 'inFinal': 2개의 오버로드 중 모든 인수 형식을 변환할 수 있는 오버로드가 없습니다.
C:\Users\kio10\Desktop\work\Compiler\Compiler\소스.cpp(44,6): message : 'bool inFinal(int,DfaState)'일 수 있습니다.
C:\Users\kio10\Desktop\work\Compiler\Compiler\소스.cpp(43,6): message : 또는       'bool inFinal(int [],DfaState)'
C:\Users\kio10\Desktop\work\Compiler\Compiler\소스.cpp(527,5): message : 인수 목록 '(const int [2], DfaState)'을(를) 일치시키는 동안
C:\Users\kio10\Desktop\work\Compiler\Compiler\소스.cpp(556,5): error C2665: 'inFinal': 2개의 오버로드 중 모든 인수 형식을 변환할 수 있는 오버로드가 없습니다.
C:\Users\kio10\Desktop\work\Compiler\Compiler\소스.cpp(44,6): message : 'bool inFinal(int,DfaState)'일 수 있습니다.
C:\Users\kio10\Desktop\work\Compiler\Compiler\소스.cpp(43,6): message : 또는       'bool inFinal(int [],DfaState)'
C:\Users\kio10\Desktop\work\Compiler\Compiler\소스.cpp(556,5): message : 인수 목록 '(const int [2], DfaState)'을(를) 일치시키는 동안
